<?xml version="1.0" encoding="UTF-8"?>
<testsuites>
  <testsuite id="0" name="C:\Users\CawT\Desktop\playwright_testing\tests\mathutil\mathUtil.test.ts" errors="0" package="C:\Users\CawT\Desktop\playwright_testing\tests\mathutil\mathUtil.test.ts" hostname="localhost" tests="2" failures="0" time="3.044" timestamp="2023-04-11T10:18:14">
    <properties>
    </properties>
    <testcase classname="add" name="should add two numbers" time="0">
    </testcase>
    <testcase classname="multiply" name="should multiply two numbers" time="0">
    </testcase>
    <system-out/>
    <system-err/>
  </testsuite>
</testsuites>